<?xml version="1.0" encoding="UTF-8"?>
<!-- Generated by org.testng.reporters.JUnitXMLReporter -->
<testsuite ignored="0" hostname="IlhamImani" failures="2" tests="2" name="Smoke Tests" time="58.738" errors="0" timestamp="2024-09-04T23:51:40 WIB">
  <testcase classname="com.appium.ebay.AppiumEbayProject.AddToCart" name="searchAndSelectAirJordan" time="33.645">
    <failure type="org.openqa.selenium.NoSuchElementException" message="An element could not be located on the page using the given search parameters.
For documentation on this error, please visit: https://selenium.dev/exceptions/#no_such_element
Build info: version: &amp;apos;4.5.0&amp;apos;, revision: &amp;apos;fe167b119a&amp;apos;
System info: os.name: &amp;apos;Windows 10&amp;apos;, os.arch: &amp;apos;amd64&amp;apos;, os.version: &amp;apos;10.0&amp;apos;, java.version: &amp;apos;17.0.10&amp;apos;
Driver info: io.appium.java_client.android.AndroidDriver
Command: [9ba5ffce-de10-461b-ada1-7afa8da40780, findElement {using=id, value=com.ebay.mobile:id/search_src_text}]
Capabilities {appium:appActivity: com.ebay.mobile.home.impl.m..., appium:appPackage: com.ebay.mobile, appium:appWaitDuration: 30000, appium:automationName: UIAutomator2, appium:databaseEnabled: false, appium:desired: {appActivity: com.ebay.mobile.home.impl.m..., appPackage: com.ebay.mobile, appWaitDuration: 30000, automationName: UIAutomator2, deviceName: Automation, platformName: android}, appium:deviceApiLevel: 30, appium:deviceManufacturer: Google, appium:deviceModel: sdk_gphone_x86, appium:deviceName: emulator-5554, appium:deviceScreenDensity: 420, appium:deviceScreenSize: 1080x1920, appium:deviceUDID: emulator-5554, appium:javascriptEnabled: true, appium:locationContextEnabled: false, appium:networkConnectionEnabled: true, appium:pixelRatio: 2.625, appium:platformVersion: 11, appium:statBarHeight: 63, appium:takesScreenshot: true, appium:viewportRect: {height: 1857, left: 0, top: 63, width: 1080}, appium:warnings: {}, appium:webStorageEnabled: false, platformName: ANDROID}
Session ID: 9ba5ffce-de10-461b-ada1-7afa8da40780">
      <![CDATA[org.openqa.selenium.NoSuchElementException: An element could not be located on the page using the given search parameters.
For documentation on this error, please visit: https://selenium.dev/exceptions/#no_such_element
Build info: version: '4.5.0', revision: 'fe167b119a'
System info: os.name: 'Windows 10', os.arch: 'amd64', os.version: '10.0', java.version: '17.0.10'
Driver info: io.appium.java_client.android.AndroidDriver
Command: [9ba5ffce-de10-461b-ada1-7afa8da40780, findElement {using=id, value=com.ebay.mobile:id/search_src_text}]
Capabilities {appium:appActivity: com.ebay.mobile.home.impl.m..., appium:appPackage: com.ebay.mobile, appium:appWaitDuration: 30000, appium:automationName: UIAutomator2, appium:databaseEnabled: false, appium:desired: {appActivity: com.ebay.mobile.home.impl.m..., appPackage: com.ebay.mobile, appWaitDuration: 30000, automationName: UIAutomator2, deviceName: Automation, platformName: android}, appium:deviceApiLevel: 30, appium:deviceManufacturer: Google, appium:deviceModel: sdk_gphone_x86, appium:deviceName: emulator-5554, appium:deviceScreenDensity: 420, appium:deviceScreenSize: 1080x1920, appium:deviceUDID: emulator-5554, appium:javascriptEnabled: true, appium:locationContextEnabled: false, appium:networkConnectionEnabled: true, appium:pixelRatio: 2.625, appium:platformVersion: 11, appium:statBarHeight: 63, appium:takesScreenshot: true, appium:viewportRect: {height: 1857, left: 0, top: 63, width: 1080}, appium:warnings: {}, appium:webStorageEnabled: false, platformName: ANDROID}
Session ID: 9ba5ffce-de10-461b-ada1-7afa8da40780
at org.openqa.selenium.remote.codec.w3c.W3CHttpResponseCodec.createException(W3CHttpResponseCodec.java:200)
at org.openqa.selenium.remote.codec.w3c.W3CHttpResponseCodec.decode(W3CHttpResponseCodec.java:133)
at org.openqa.selenium.remote.codec.w3c.W3CHttpResponseCodec.decode(W3CHttpResponseCodec.java:53)
at org.openqa.selenium.remote.HttpCommandExecutor.execute(HttpCommandExecutor.java:184)
at io.appium.java_client.remote.AppiumCommandExecutor.execute(AppiumCommandExecutor.java:180)
at org.openqa.selenium.remote.RemoteWebDriver.execute(RemoteWebDriver.java:547)
at org.openqa.selenium.remote.ElementLocation$ElementFinder$2.findElement(ElementLocation.java:162)
at org.openqa.selenium.remote.ElementLocation.findElement(ElementLocation.java:60)
at org.openqa.selenium.remote.RemoteWebDriver.findElement(RemoteWebDriver.java:365)
at org.openqa.selenium.remote.RemoteWebDriver.findElement(RemoteWebDriver.java:357)
at com.appium.ebay.AppiumEbayProject.AddToCart.searchAndSelectProduct(AddToCart.java:27)
at com.appium.ebay.AppiumEbayProject.AddToCart.searchAndSelectAirJordan(AddToCart.java:32)
at java.base/java.util.ArrayList.forEach(ArrayList.java:1511)
... Removed 32 stack frames]]>
    </failure>
  </testcase> <!-- searchAndSelectAirJordan -->
  <testcase classname="com.appium.ebay.AppiumEbayProject.AddToCart" name="searchAndSelectLaptop" time="10.098">
    <failure type="org.openqa.selenium.NoSuchElementException" message="An element could not be located on the page using the given search parameters.
For documentation on this error, please visit: https://selenium.dev/exceptions/#no_such_element
Build info: version: &amp;apos;4.5.0&amp;apos;, revision: &amp;apos;fe167b119a&amp;apos;
System info: os.name: &amp;apos;Windows 10&amp;apos;, os.arch: &amp;apos;amd64&amp;apos;, os.version: &amp;apos;10.0&amp;apos;, java.version: &amp;apos;17.0.10&amp;apos;
Driver info: io.appium.java_client.android.AndroidDriver
Command: [9ba5ffce-de10-461b-ada1-7afa8da40780, findElement {using=id, value=com.ebay.mobile:id/search_box}]
Capabilities {appium:appActivity: com.ebay.mobile.home.impl.m..., appium:appPackage: com.ebay.mobile, appium:appWaitDuration: 30000, appium:automationName: UIAutomator2, appium:databaseEnabled: false, appium:desired: {appActivity: com.ebay.mobile.home.impl.m..., appPackage: com.ebay.mobile, appWaitDuration: 30000, automationName: UIAutomator2, deviceName: Automation, platformName: android}, appium:deviceApiLevel: 30, appium:deviceManufacturer: Google, appium:deviceModel: sdk_gphone_x86, appium:deviceName: emulator-5554, appium:deviceScreenDensity: 420, appium:deviceScreenSize: 1080x1920, appium:deviceUDID: emulator-5554, appium:javascriptEnabled: true, appium:locationContextEnabled: false, appium:networkConnectionEnabled: true, appium:pixelRatio: 2.625, appium:platformVersion: 11, appium:statBarHeight: 63, appium:takesScreenshot: true, appium:viewportRect: {height: 1857, left: 0, top: 63, width: 1080}, appium:warnings: {}, appium:webStorageEnabled: false, platformName: ANDROID}
Session ID: 9ba5ffce-de10-461b-ada1-7afa8da40780">
      <![CDATA[org.openqa.selenium.NoSuchElementException: An element could not be located on the page using the given search parameters.
For documentation on this error, please visit: https://selenium.dev/exceptions/#no_such_element
Build info: version: '4.5.0', revision: 'fe167b119a'
System info: os.name: 'Windows 10', os.arch: 'amd64', os.version: '10.0', java.version: '17.0.10'
Driver info: io.appium.java_client.android.AndroidDriver
Command: [9ba5ffce-de10-461b-ada1-7afa8da40780, findElement {using=id, value=com.ebay.mobile:id/search_box}]
Capabilities {appium:appActivity: com.ebay.mobile.home.impl.m..., appium:appPackage: com.ebay.mobile, appium:appWaitDuration: 30000, appium:automationName: UIAutomator2, appium:databaseEnabled: false, appium:desired: {appActivity: com.ebay.mobile.home.impl.m..., appPackage: com.ebay.mobile, appWaitDuration: 30000, automationName: UIAutomator2, deviceName: Automation, platformName: android}, appium:deviceApiLevel: 30, appium:deviceManufacturer: Google, appium:deviceModel: sdk_gphone_x86, appium:deviceName: emulator-5554, appium:deviceScreenDensity: 420, appium:deviceScreenSize: 1080x1920, appium:deviceUDID: emulator-5554, appium:javascriptEnabled: true, appium:locationContextEnabled: false, appium:networkConnectionEnabled: true, appium:pixelRatio: 2.625, appium:platformVersion: 11, appium:statBarHeight: 63, appium:takesScreenshot: true, appium:viewportRect: {height: 1857, left: 0, top: 63, width: 1080}, appium:warnings: {}, appium:webStorageEnabled: false, platformName: ANDROID}
Session ID: 9ba5ffce-de10-461b-ada1-7afa8da40780
at org.openqa.selenium.remote.codec.w3c.W3CHttpResponseCodec.createException(W3CHttpResponseCodec.java:200)
at org.openqa.selenium.remote.codec.w3c.W3CHttpResponseCodec.decode(W3CHttpResponseCodec.java:133)
at org.openqa.selenium.remote.codec.w3c.W3CHttpResponseCodec.decode(W3CHttpResponseCodec.java:53)
at org.openqa.selenium.remote.HttpCommandExecutor.execute(HttpCommandExecutor.java:184)
at io.appium.java_client.remote.AppiumCommandExecutor.execute(AppiumCommandExecutor.java:180)
at org.openqa.selenium.remote.RemoteWebDriver.execute(RemoteWebDriver.java:547)
at org.openqa.selenium.remote.ElementLocation$ElementFinder$2.findElement(ElementLocation.java:162)
at org.openqa.selenium.remote.ElementLocation.findElement(ElementLocation.java:60)
at org.openqa.selenium.remote.RemoteWebDriver.findElement(RemoteWebDriver.java:365)
at org.openqa.selenium.remote.RemoteWebDriver.findElement(RemoteWebDriver.java:357)
at com.appium.ebay.AppiumEbayProject.AddToCart.searchAndSelectProduct(AddToCart.java:13)
at com.appium.ebay.AppiumEbayProject.AddToCart.searchAndSelectLaptop(AddToCart.java:37)
at java.base/java.util.ArrayList.forEach(ArrayList.java:1511)
... Removed 32 stack frames]]>
    </failure>
  </testcase> <!-- searchAndSelectLaptop -->
</testsuite> <!-- Smoke Tests -->
