<?xml version="1.0" encoding="UTF-8"?>
<testng-results ignored="0" total="1" passed="1" failed="0" skipped="0">
  <reporter-output>
  </reporter-output>
  <suite started-at="2024-09-04T00:01:28 WIB" name="Default suite" finished-at="2024-09-04T00:01:58 WIB" duration-ms="29869">
    <groups>
    </groups>
    <test started-at="2024-09-04T00:01:28 WIB" name="Default test" finished-at="2024-09-04T00:01:58 WIB" duration-ms="29869">
      <class name="com.appium.ebay.AppiumEbayProject.AddToCart">
        <test-method is-config="true" signature="configureAppium()[pri:0, instance:com.appium.ebay.AppiumEbayProject.AddToCart@663c9e7a]" started-at="2024-09-04T00:01:28 WIB" name="configureAppium" finished-at="2024-09-04T00:01:37 WIB" duration-ms="9106" status="PASS">
          <reporter-output>
          </reporter-output>
        </test-method> <!-- configureAppium -->
        <test-method signature="SearchTest()[pri:0, instance:com.appium.ebay.AppiumEbayProject.AddToCart@663c9e7a]" started-at="2024-09-04T00:01:37 WIB" name="SearchTest" finished-at="2024-09-04T00:01:57 WIB" duration-ms="19882" status="PASS">
          <reporter-output>
          </reporter-output>
        </test-method> <!-- SearchTest -->
        <test-method is-config="true" signature="tearDown()[pri:0, instance:com.appium.ebay.AppiumEbayProject.AddToCart@663c9e7a]" started-at="2024-09-04T00:01:57 WIB" name="tearDown" finished-at="2024-09-04T00:01:58 WIB" duration-ms="836" status="PASS">
          <reporter-output>
          </reporter-output>
        </test-method> <!-- tearDown -->
      </class> <!-- com.appium.ebay.AppiumEbayProject.AddToCart -->
    </test> <!-- Default test -->
  </suite> <!-- Default suite -->
</testng-results>
